c:\users\yejinqi\documents\visual studio 2015\projects\nicoengine\nicoengine\x64\debug\nicoengine.pdb
c:\users\yejinqi\documents\visual studio 2015\projects\nicoengine\nicoengine\x64\debug\nicoengine.idb
c:\users\yejinqi\documents\visual studio 2015\projects\nicoengine\nicoengine\x64\debug\boundinggeometry.obj
c:\users\yejinqi\documents\visual studio 2015\projects\nicoengine\nicoengine\x64\debug\camera.obj
c:\users\yejinqi\documents\visual studio 2015\projects\nicoengine\nicoengine\x64\debug\commandscript.obj
c:\users\yejinqi\documents\visual studio 2015\projects\nicoengine\nicoengine\x64\debug\d3drenderer.obj
c:\users\yejinqi\documents\visual studio 2015\projects\nicoengine\nicoengine\x64\debug\directinput.obj
c:\users\yejinqi\documents\visual studio 2015\projects\nicoengine\nicoengine\x64\debug\directmusic.obj
c:\users\yejinqi\documents\visual studio 2015\projects\nicoengine\nicoengine\x64\debug\gui.obj
c:\users\yejinqi\documents\visual studio 2015\projects\nicoengine\nicoengine\x64\debug\logsystem.obj
c:\users\yejinqi\documents\visual studio 2015\projects\nicoengine\nicoengine\x64\debug\matrix.obj
c:\users\yejinqi\documents\visual studio 2015\projects\nicoengine\nicoengine\x64\debug\objloader.obj
c:\users\yejinqi\documents\visual studio 2015\projects\nicoengine\nicoengine\x64\debug\plane.obj
c:\users\yejinqi\documents\visual studio 2015\projects\nicoengine\nicoengine\x64\debug\polygon.obj
c:\users\yejinqi\documents\visual studio 2015\projects\nicoengine\nicoengine\x64\debug\quaternion.obj
c:\users\yejinqi\documents\visual studio 2015\projects\nicoengine\nicoengine\x64\debug\ray.obj
c:\users\yejinqi\documents\visual studio 2015\projects\nicoengine\nicoengine\x64\debug\route.obj
c:\users\yejinqi\documents\visual studio 2015\projects\nicoengine\nicoengine\x64\debug\token.obj
c:\users\yejinqi\documents\visual studio 2015\projects\nicoengine\nicoengine\x64\debug\umfloader.obj
c:\users\yejinqi\documents\visual studio 2015\projects\nicoengine\nicoengine\x64\debug\vector.obj
c:\users\yejinqi\documents\visual studio 2015\projects\nicoengine\nicoengine\x64\debug\xmesh.obj
c:\users\yejinqi\documents\visual studio 2015\projects\nicoengine\nicoengine\x64\debug\xstructures.obj
c:\users\yejinqi\documents\visual studio 2015\projects\nicoengine\x64\debug\nicoengine.lib
c:\users\yejinqi\documents\visual studio 2015\projects\nicoengine\x64\debug\nicoengine.pdb
c:\users\yejinqi\documents\visual studio 2015\projects\nicoengine\nicoengine\x64\debug\nicoengine.tlog\cl.command.1.tlog
c:\users\yejinqi\documents\visual studio 2015\projects\nicoengine\nicoengine\x64\debug\nicoengine.tlog\cl.read.1.tlog
c:\users\yejinqi\documents\visual studio 2015\projects\nicoengine\nicoengine\x64\debug\nicoengine.tlog\cl.write.1.tlog
c:\users\yejinqi\documents\visual studio 2015\projects\nicoengine\nicoengine\x64\debug\nicoengine.tlog\lib-link.read.1.tlog
c:\users\yejinqi\documents\visual studio 2015\projects\nicoengine\nicoengine\x64\debug\nicoengine.tlog\lib-link.write.1.tlog
c:\users\yejinqi\documents\visual studio 2015\projects\nicoengine\nicoengine\x64\debug\nicoengine.tlog\lib.command.1.tlog
