c:\users\yejinqi\documents\visual studio 2015\projects\nicoengine\nicoengine\debug\vc140.pdb
c:\users\yejinqi\documents\visual studio 2015\projects\nicoengine\nicoengine\debug\vc140.idb
c:\users\yejinqi\documents\visual studio 2015\projects\nicoengine\nicoengine\debug\main.obj
c:\users\yejinqi\documents\visual studio 2015\projects\nicoengine\debug\nicoengine.pdb
c:\users\yejinqi\documents\visual studio 2015\projects\nicoengine\nicoengine\debug\nicoengine.tlog\cl.command.1.tlog
c:\users\yejinqi\documents\visual studio 2015\projects\nicoengine\nicoengine\debug\nicoengine.tlog\cl.read.1.tlog
c:\users\yejinqi\documents\visual studio 2015\projects\nicoengine\nicoengine\debug\nicoengine.tlog\cl.write.1.tlog
c:\users\yejinqi\documents\visual studio 2015\projects\nicoengine\nicoengine\debug\nicoengine.tlog\link-cvtres.read.1.tlog
c:\users\yejinqi\documents\visual studio 2015\projects\nicoengine\nicoengine\debug\nicoengine.tlog\link-cvtres.write.1.tlog
c:\users\yejinqi\documents\visual studio 2015\projects\nicoengine\nicoengine\debug\nicoengine.tlog\link-rc.read.1.tlog
c:\users\yejinqi\documents\visual studio 2015\projects\nicoengine\nicoengine\debug\nicoengine.tlog\link-rc.write.1.tlog
c:\users\yejinqi\documents\visual studio 2015\projects\nicoengine\nicoengine\debug\nicoengine.tlog\link.4132-cvtres.read.1.tlog
c:\users\yejinqi\documents\visual studio 2015\projects\nicoengine\nicoengine\debug\nicoengine.tlog\link.4132-cvtres.write.1.tlog
c:\users\yejinqi\documents\visual studio 2015\projects\nicoengine\nicoengine\debug\nicoengine.tlog\link.4132-rc.read.1.tlog
c:\users\yejinqi\documents\visual studio 2015\projects\nicoengine\nicoengine\debug\nicoengine.tlog\link.4132-rc.write.1.tlog
c:\users\yejinqi\documents\visual studio 2015\projects\nicoengine\nicoengine\debug\nicoengine.tlog\link.4132.read.1.tlog
c:\users\yejinqi\documents\visual studio 2015\projects\nicoengine\nicoengine\debug\nicoengine.tlog\link.4132.write.1.tlog
c:\users\yejinqi\documents\visual studio 2015\projects\nicoengine\nicoengine\debug\nicoengine.tlog\link.command.1.tlog
c:\users\yejinqi\documents\visual studio 2015\projects\nicoengine\nicoengine\debug\nicoengine.tlog\link.read.1.tlog
c:\users\yejinqi\documents\visual studio 2015\projects\nicoengine\nicoengine\debug\nicoengine.tlog\link.write.1.tlog
